[2025-12-16 13:04:08] production.INFO: Checking user discount {"user_id":1,"has_discount":false,"discount_value":null} 
[2025-12-16 13:04:15] production.INFO: Payment create request {"data":{"order_no":"20251216130408780967","payment_method":"bank_card","return_url":"http://localhost:5173/payment/result","callback_url":"http://localhost:8000/api/payments/callback"},"user_id":1} 
[2025-12-16 13:04:27] production.INFO: Stripe session created {"session_id":"cs_test_b16F9ZngNGOEOU0F0mtZvaaPTZlLWJ7tUAYwDfScPwGeNqgqUweNEbsUCP","order_no":"20251216130408780967","amount":"15.99"} 
[2025-12-16 13:05:31] production.INFO: Attempting to verify payment via session_id {"order_no":"20251216130408780967","session_id":"cs_test_b16F9ZngNGOEOU0F0mtZvaaPTZlLWJ7tUAYwDfScPwGeNqgqUweNEbsUCP"} 
[2025-12-16 13:05:32] production.INFO: Stripe session retrieved {"payment_status":"paid","session_id":"cs_test_b16F9ZngNGOEOU0F0mtZvaaPTZlLWJ7tUAYwDfScPwGeNqgqUweNEbsUCP"} 
[2025-12-16 13:05:32] production.INFO: Order updated {"order_no":"20251216130408780967"} 
[2025-12-16 13:05:32] production.INFO: Payment updated {"order_no":"20251216130408780967"} 
[2025-12-16 13:05:32] production.INFO: Product sales updated {"order_no":"20251216130408780967"} 
[2025-12-16 13:05:32] production.INFO: ✅ Payment verified and order updated successfully {"order_no":"20251216130408780967","session_id":"cs_test_b16F9ZngNGOEOU0F0mtZvaaPTZlLWJ7tUAYwDfScPwGeNqgqUweNEbsUCP"} 
[2025-12-16 13:07:01] production.ERROR: Call to undefined function App\Http\Controllers\Admin\now() {"exception":"[object] (Error(code: 0): Call to undefined function App\\Http\\Controllers\\Admin\\now() at D:\\my-code\\kehu-web\\shop\\backend\\app\\Http\\Controllers\\Admin\\OrderController.php:104)
[stacktrace]
#0 D:\\my-code\\kehu-web\\shop\\backend\\vendor\\illuminate\\container\\BoundMethod.php(36): App\\Http\\Controllers\\Admin\\OrderController->ship()
#1 D:\\my-code\\kehu-web\\shop\\backend\\vendor\\illuminate\\container\\Util.php(40): Illuminate\\Container\\BoundMethod::Illuminate\\Container\\{closure}()
#2 D:\\my-code\\kehu-web\\shop\\backend\\vendor\\illuminate\\container\\BoundMethod.php(93): Illuminate\\Container\\Util::unwrapIfClosure()
#3 D:\\my-code\\kehu-web\\shop\\backend\\vendor\\illuminate\\container\\BoundMethod.php(35): Illuminate\\Container\\BoundMethod::callBoundMethod()
#4 D:\\my-code\\kehu-web\\shop\\backend\\vendor\\illuminate\\container\\Container.php(653): Illuminate\\Container\\BoundMethod::call()
#5 D:\\my-code\\kehu-web\\shop\\backend\\vendor\\laravel\\lumen-framework\\src\\Concerns\\RoutesRequests.php(389): Illuminate\\Container\\Container->call()
#6 D:\\my-code\\kehu-web\\shop\\backend\\vendor\\laravel\\lumen-framework\\src\\Concerns\\RoutesRequests.php(354): Laravel\\Lumen\\Application->callControllerCallable()
#7 D:\\my-code\\kehu-web\\shop\\backend\\vendor\\laravel\\lumen-framework\\src\\Concerns\\RoutesRequests.php(329): Laravel\\Lumen\\Application->callLumenController()
#8 D:\\my-code\\kehu-web\\shop\\backend\\vendor\\laravel\\lumen-framework\\src\\Concerns\\RoutesRequests.php(282): Laravel\\Lumen\\Application->callControllerAction()
#9 D:\\my-code\\kehu-web\\shop\\backend\\vendor\\laravel\\lumen-framework\\src\\Concerns\\RoutesRequests.php(262): Laravel\\Lumen\\Application->callActionOnArrayBasedRoute()
#10 D:\\my-code\\kehu-web\\shop\\backend\\vendor\\laravel\\lumen-framework\\src\\Routing\\Pipeline.php(48): Laravel\\Lumen\\Application->Laravel\\Lumen\\Concerns\\{closure}()
#11 D:\\my-code\\kehu-web\\shop\\backend\\app\\Http\\Middleware\\AdminAuthenticate.php(26): Laravel\\Lumen\\Routing\\Pipeline->Laravel\\Lumen\\Routing\\{closure}()
#12 D:\\my-code\\kehu-web\\shop\\backend\\vendor\\illuminate\\pipeline\\Pipeline.php(167): App\\Http\\Middleware\\AdminAuthenticate->handle()
#13 D:\\my-code\\kehu-web\\shop\\backend\\vendor\\laravel\\lumen-framework\\src\\Routing\\Pipeline.php(30): Illuminate\\Pipeline\\Pipeline->Illuminate\\Pipeline\\{closure}()
#14 D:\\my-code\\kehu-web\\shop\\backend\\vendor\\illuminate\\pipeline\\Pipeline.php(103): Laravel\\Lumen\\Routing\\Pipeline->Laravel\\Lumen\\Routing\\{closure}()
#15 D:\\my-code\\kehu-web\\shop\\backend\\vendor\\laravel\\lumen-framework\\src\\Concerns\\RoutesRequests.php(426): Illuminate\\Pipeline\\Pipeline->then()
#16 D:\\my-code\\kehu-web\\shop\\backend\\vendor\\laravel\\lumen-framework\\src\\Concerns\\RoutesRequests.php(261): Laravel\\Lumen\\Application->sendThroughPipeline()
#17 D:\\my-code\\kehu-web\\shop\\backend\\vendor\\laravel\\lumen-framework\\src\\Concerns\\RoutesRequests.php(237): Laravel\\Lumen\\Application->handleFoundRoute()
#18 D:\\my-code\\kehu-web\\shop\\backend\\vendor\\laravel\\lumen-framework\\src\\Concerns\\RoutesRequests.php(172): Laravel\\Lumen\\Application->handleDispatcherResponse()
#19 D:\\my-code\\kehu-web\\shop\\backend\\vendor\\laravel\\lumen-framework\\src\\Routing\\Pipeline.php(48): Laravel\\Lumen\\Application->Laravel\\Lumen\\Concerns\\{closure}()
#20 D:\\my-code\\kehu-web\\shop\\backend\\app\\Http\\Middleware\\CorsMiddleware.php(30): Laravel\\Lumen\\Routing\\Pipeline->Laravel\\Lumen\\Routing\\{closure}()
#21 D:\\my-code\\kehu-web\\shop\\backend\\vendor\\illuminate\\pipeline\\Pipeline.php(167): App\\Http\\Middleware\\CorsMiddleware->handle()
#22 D:\\my-code\\kehu-web\\shop\\backend\\vendor\\laravel\\lumen-framework\\src\\Routing\\Pipeline.php(30): Illuminate\\Pipeline\\Pipeline->Illuminate\\Pipeline\\{closure}()
#23 D:\\my-code\\kehu-web\\shop\\backend\\vendor\\illuminate\\pipeline\\Pipeline.php(103): Laravel\\Lumen\\Routing\\Pipeline->Laravel\\Lumen\\Routing\\{closure}()
#24 D:\\my-code\\kehu-web\\shop\\backend\\vendor\\laravel\\lumen-framework\\src\\Concerns\\RoutesRequests.php(426): Illuminate\\Pipeline\\Pipeline->then()
#25 D:\\my-code\\kehu-web\\shop\\backend\\vendor\\laravel\\lumen-framework\\src\\Concerns\\RoutesRequests.php(165): Laravel\\Lumen\\Application->sendThroughPipeline()
#26 D:\\my-code\\kehu-web\\shop\\backend\\vendor\\laravel\\lumen-framework\\src\\Concerns\\RoutesRequests.php(112): Laravel\\Lumen\\Application->dispatch()
#27 D:\\my-code\\kehu-web\\shop\\backend\\public\\index.php(17): Laravel\\Lumen\\Application->run()
#28 {main}
"} 
[2025-12-16 13:21:26] production.ERROR: Call to undefined function App\Http\Controllers\Admin\now() {"exception":"[object] (Error(code: 0): Call to undefined function App\\Http\\Controllers\\Admin\\now() at D:\\my-code\\kehu-web\\shop\\backend\\app\\Http\\Controllers\\Admin\\OrderController.php:104)
[stacktrace]
#0 D:\\my-code\\kehu-web\\shop\\backend\\vendor\\illuminate\\container\\BoundMethod.php(36): App\\Http\\Controllers\\Admin\\OrderController->ship()
#1 D:\\my-code\\kehu-web\\shop\\backend\\vendor\\illuminate\\container\\Util.php(40): Illuminate\\Container\\BoundMethod::Illuminate\\Container\\{closure}()
#2 D:\\my-code\\kehu-web\\shop\\backend\\vendor\\illuminate\\container\\BoundMethod.php(93): Illuminate\\Container\\Util::unwrapIfClosure()
#3 D:\\my-code\\kehu-web\\shop\\backend\\vendor\\illuminate\\container\\BoundMethod.php(35): Illuminate\\Container\\BoundMethod::callBoundMethod()
#4 D:\\my-code\\kehu-web\\shop\\backend\\vendor\\illuminate\\container\\Container.php(653): Illuminate\\Container\\BoundMethod::call()
#5 D:\\my-code\\kehu-web\\shop\\backend\\vendor\\laravel\\lumen-framework\\src\\Concerns\\RoutesRequests.php(389): Illuminate\\Container\\Container->call()
#6 D:\\my-code\\kehu-web\\shop\\backend\\vendor\\laravel\\lumen-framework\\src\\Concerns\\RoutesRequests.php(354): Laravel\\Lumen\\Application->callControllerCallable()
#7 D:\\my-code\\kehu-web\\shop\\backend\\vendor\\laravel\\lumen-framework\\src\\Concerns\\RoutesRequests.php(329): Laravel\\Lumen\\Application->callLumenController()
#8 D:\\my-code\\kehu-web\\shop\\backend\\vendor\\laravel\\lumen-framework\\src\\Concerns\\RoutesRequests.php(282): Laravel\\Lumen\\Application->callControllerAction()
#9 D:\\my-code\\kehu-web\\shop\\backend\\vendor\\laravel\\lumen-framework\\src\\Concerns\\RoutesRequests.php(262): Laravel\\Lumen\\Application->callActionOnArrayBasedRoute()
#10 D:\\my-code\\kehu-web\\shop\\backend\\vendor\\laravel\\lumen-framework\\src\\Routing\\Pipeline.php(48): Laravel\\Lumen\\Application->Laravel\\Lumen\\Concerns\\{closure}()
#11 D:\\my-code\\kehu-web\\shop\\backend\\app\\Http\\Middleware\\AdminAuthenticate.php(26): Laravel\\Lumen\\Routing\\Pipeline->Laravel\\Lumen\\Routing\\{closure}()
#12 D:\\my-code\\kehu-web\\shop\\backend\\vendor\\illuminate\\pipeline\\Pipeline.php(167): App\\Http\\Middleware\\AdminAuthenticate->handle()
#13 D:\\my-code\\kehu-web\\shop\\backend\\vendor\\laravel\\lumen-framework\\src\\Routing\\Pipeline.php(30): Illuminate\\Pipeline\\Pipeline->Illuminate\\Pipeline\\{closure}()
#14 D:\\my-code\\kehu-web\\shop\\backend\\vendor\\illuminate\\pipeline\\Pipeline.php(103): Laravel\\Lumen\\Routing\\Pipeline->Laravel\\Lumen\\Routing\\{closure}()
#15 D:\\my-code\\kehu-web\\shop\\backend\\vendor\\laravel\\lumen-framework\\src\\Concerns\\RoutesRequests.php(426): Illuminate\\Pipeline\\Pipeline->then()
#16 D:\\my-code\\kehu-web\\shop\\backend\\vendor\\laravel\\lumen-framework\\src\\Concerns\\RoutesRequests.php(261): Laravel\\Lumen\\Application->sendThroughPipeline()
#17 D:\\my-code\\kehu-web\\shop\\backend\\vendor\\laravel\\lumen-framework\\src\\Concerns\\RoutesRequests.php(237): Laravel\\Lumen\\Application->handleFoundRoute()
#18 D:\\my-code\\kehu-web\\shop\\backend\\vendor\\laravel\\lumen-framework\\src\\Concerns\\RoutesRequests.php(172): Laravel\\Lumen\\Application->handleDispatcherResponse()
#19 D:\\my-code\\kehu-web\\shop\\backend\\vendor\\laravel\\lumen-framework\\src\\Routing\\Pipeline.php(48): Laravel\\Lumen\\Application->Laravel\\Lumen\\Concerns\\{closure}()
#20 D:\\my-code\\kehu-web\\shop\\backend\\app\\Http\\Middleware\\CorsMiddleware.php(30): Laravel\\Lumen\\Routing\\Pipeline->Laravel\\Lumen\\Routing\\{closure}()
#21 D:\\my-code\\kehu-web\\shop\\backend\\vendor\\illuminate\\pipeline\\Pipeline.php(167): App\\Http\\Middleware\\CorsMiddleware->handle()
#22 D:\\my-code\\kehu-web\\shop\\backend\\vendor\\laravel\\lumen-framework\\src\\Routing\\Pipeline.php(30): Illuminate\\Pipeline\\Pipeline->Illuminate\\Pipeline\\{closure}()
#23 D:\\my-code\\kehu-web\\shop\\backend\\vendor\\illuminate\\pipeline\\Pipeline.php(103): Laravel\\Lumen\\Routing\\Pipeline->Laravel\\Lumen\\Routing\\{closure}()
#24 D:\\my-code\\kehu-web\\shop\\backend\\vendor\\laravel\\lumen-framework\\src\\Concerns\\RoutesRequests.php(426): Illuminate\\Pipeline\\Pipeline->then()
#25 D:\\my-code\\kehu-web\\shop\\backend\\vendor\\laravel\\lumen-framework\\src\\Concerns\\RoutesRequests.php(165): Laravel\\Lumen\\Application->sendThroughPipeline()
#26 D:\\my-code\\kehu-web\\shop\\backend\\vendor\\laravel\\lumen-framework\\src\\Concerns\\RoutesRequests.php(112): Laravel\\Lumen\\Application->dispatch()
#27 D:\\my-code\\kehu-web\\shop\\backend\\public\\index.php(17): Laravel\\Lumen\\Application->run()
#28 {main}
"} 
[2025-12-16 13:26:50] production.ERROR: Call to undefined function App\Http\Controllers\Api\now() {"exception":"[object] (Error(code: 0): Call to undefined function App\\Http\\Controllers\\Api\\now() at D:\\my-code\\kehu-web\\shop\\backend\\app\\Http\\Controllers\\Api\\SubscriptionController.php:204)
[stacktrace]
#0 D:\\my-code\\kehu-web\\shop\\backend\\vendor\\illuminate\\container\\BoundMethod.php(36): App\\Http\\Controllers\\Api\\SubscriptionController->cancel()
#1 D:\\my-code\\kehu-web\\shop\\backend\\vendor\\illuminate\\container\\Util.php(40): Illuminate\\Container\\BoundMethod::Illuminate\\Container\\{closure}()
#2 D:\\my-code\\kehu-web\\shop\\backend\\vendor\\illuminate\\container\\BoundMethod.php(93): Illuminate\\Container\\Util::unwrapIfClosure()
#3 D:\\my-code\\kehu-web\\shop\\backend\\vendor\\illuminate\\container\\BoundMethod.php(35): Illuminate\\Container\\BoundMethod::callBoundMethod()
#4 D:\\my-code\\kehu-web\\shop\\backend\\vendor\\illuminate\\container\\Container.php(653): Illuminate\\Container\\BoundMethod::call()
#5 D:\\my-code\\kehu-web\\shop\\backend\\vendor\\laravel\\lumen-framework\\src\\Concerns\\RoutesRequests.php(389): Illuminate\\Container\\Container->call()
#6 D:\\my-code\\kehu-web\\shop\\backend\\vendor\\laravel\\lumen-framework\\src\\Concerns\\RoutesRequests.php(354): Laravel\\Lumen\\Application->callControllerCallable()
#7 D:\\my-code\\kehu-web\\shop\\backend\\vendor\\laravel\\lumen-framework\\src\\Concerns\\RoutesRequests.php(329): Laravel\\Lumen\\Application->callLumenController()
#8 D:\\my-code\\kehu-web\\shop\\backend\\vendor\\laravel\\lumen-framework\\src\\Concerns\\RoutesRequests.php(282): Laravel\\Lumen\\Application->callControllerAction()
#9 D:\\my-code\\kehu-web\\shop\\backend\\vendor\\laravel\\lumen-framework\\src\\Concerns\\RoutesRequests.php(262): Laravel\\Lumen\\Application->callActionOnArrayBasedRoute()
#10 D:\\my-code\\kehu-web\\shop\\backend\\vendor\\laravel\\lumen-framework\\src\\Routing\\Pipeline.php(48): Laravel\\Lumen\\Application->Laravel\\Lumen\\Concerns\\{closure}()
#11 D:\\my-code\\kehu-web\\shop\\backend\\app\\Http\\Middleware\\Authenticate.php(45): Laravel\\Lumen\\Routing\\Pipeline->Laravel\\Lumen\\Routing\\{closure}()
#12 D:\\my-code\\kehu-web\\shop\\backend\\vendor\\illuminate\\pipeline\\Pipeline.php(167): App\\Http\\Middleware\\Authenticate->handle()
#13 D:\\my-code\\kehu-web\\shop\\backend\\vendor\\laravel\\lumen-framework\\src\\Routing\\Pipeline.php(30): Illuminate\\Pipeline\\Pipeline->Illuminate\\Pipeline\\{closure}()
#14 D:\\my-code\\kehu-web\\shop\\backend\\vendor\\illuminate\\pipeline\\Pipeline.php(103): Laravel\\Lumen\\Routing\\Pipeline->Laravel\\Lumen\\Routing\\{closure}()
#15 D:\\my-code\\kehu-web\\shop\\backend\\vendor\\laravel\\lumen-framework\\src\\Concerns\\RoutesRequests.php(426): Illuminate\\Pipeline\\Pipeline->then()
#16 D:\\my-code\\kehu-web\\shop\\backend\\vendor\\laravel\\lumen-framework\\src\\Concerns\\RoutesRequests.php(261): Laravel\\Lumen\\Application->sendThroughPipeline()
#17 D:\\my-code\\kehu-web\\shop\\backend\\vendor\\laravel\\lumen-framework\\src\\Concerns\\RoutesRequests.php(237): Laravel\\Lumen\\Application->handleFoundRoute()
#18 D:\\my-code\\kehu-web\\shop\\backend\\vendor\\laravel\\lumen-framework\\src\\Concerns\\RoutesRequests.php(172): Laravel\\Lumen\\Application->handleDispatcherResponse()
#19 D:\\my-code\\kehu-web\\shop\\backend\\vendor\\laravel\\lumen-framework\\src\\Routing\\Pipeline.php(48): Laravel\\Lumen\\Application->Laravel\\Lumen\\Concerns\\{closure}()
#20 D:\\my-code\\kehu-web\\shop\\backend\\app\\Http\\Middleware\\CorsMiddleware.php(30): Laravel\\Lumen\\Routing\\Pipeline->Laravel\\Lumen\\Routing\\{closure}()
#21 D:\\my-code\\kehu-web\\shop\\backend\\vendor\\illuminate\\pipeline\\Pipeline.php(167): App\\Http\\Middleware\\CorsMiddleware->handle()
#22 D:\\my-code\\kehu-web\\shop\\backend\\vendor\\laravel\\lumen-framework\\src\\Routing\\Pipeline.php(30): Illuminate\\Pipeline\\Pipeline->Illuminate\\Pipeline\\{closure}()
#23 D:\\my-code\\kehu-web\\shop\\backend\\vendor\\illuminate\\pipeline\\Pipeline.php(103): Laravel\\Lumen\\Routing\\Pipeline->Laravel\\Lumen\\Routing\\{closure}()
#24 D:\\my-code\\kehu-web\\shop\\backend\\vendor\\laravel\\lumen-framework\\src\\Concerns\\RoutesRequests.php(426): Illuminate\\Pipeline\\Pipeline->then()
#25 D:\\my-code\\kehu-web\\shop\\backend\\vendor\\laravel\\lumen-framework\\src\\Concerns\\RoutesRequests.php(165): Laravel\\Lumen\\Application->sendThroughPipeline()
#26 D:\\my-code\\kehu-web\\shop\\backend\\vendor\\laravel\\lumen-framework\\src\\Concerns\\RoutesRequests.php(112): Laravel\\Lumen\\Application->dispatch()
#27 D:\\my-code\\kehu-web\\shop\\backend\\public\\index.php(17): Laravel\\Lumen\\Application->run()
#28 {main}
"} 
[2025-12-16 13:34:14] production.INFO: Checking user discount {"user_id":1,"has_discount":false,"discount_value":null} 
[2025-12-16 13:34:27] production.INFO: Payment create request {"data":{"order_no":"20251216133414981322","payment_method":"bank_card","return_url":"http://localhost:5173/payment/result","callback_url":"http://localhost:8000/api/payments/callback"},"user_id":1} 
[2025-12-16 13:34:28] production.INFO: Stripe session created {"session_id":"cs_test_b1hGODPgzWJRvRPsjQtjBqF9ddH9i2VE7yX60osBaSOwqQt22wWL6LVdxP","order_no":"20251216133414981322","amount":"20.99"} 
[2025-12-16 13:35:22] production.INFO: Attempting to verify payment via session_id {"order_no":"20251216133414981322","session_id":"cs_test_b1hGODPgzWJRvRPsjQtjBqF9ddH9i2VE7yX60osBaSOwqQt22wWL6LVdxP"} 
[2025-12-16 13:35:23] production.INFO: Stripe session retrieved {"payment_status":"paid","session_id":"cs_test_b1hGODPgzWJRvRPsjQtjBqF9ddH9i2VE7yX60osBaSOwqQt22wWL6LVdxP"} 
[2025-12-16 13:35:23] production.INFO: Order updated {"order_no":"20251216133414981322"} 
[2025-12-16 13:35:23] production.INFO: Payment updated {"order_no":"20251216133414981322"} 
[2025-12-16 13:35:23] production.INFO: Product sales updated {"order_no":"20251216133414981322"} 
[2025-12-16 13:35:23] production.INFO: ✅ Payment verified and order updated successfully {"order_no":"20251216133414981322","session_id":"cs_test_b1hGODPgzWJRvRPsjQtjBqF9ddH9i2VE7yX60osBaSOwqQt22wWL6LVdxP"} 
[2025-12-16 13:55:59] production.ERROR: Call to undefined function App\Http\Controllers\Admin\now() {"exception":"[object] (Error(code: 0): Call to undefined function App\\Http\\Controllers\\Admin\\now() at D:\\my-code\\kehu-web\\shop\\backend\\app\\Http\\Controllers\\Admin\\OrderController.php:104)
[stacktrace]
#0 D:\\my-code\\kehu-web\\shop\\backend\\vendor\\illuminate\\container\\BoundMethod.php(36): App\\Http\\Controllers\\Admin\\OrderController->ship()
#1 D:\\my-code\\kehu-web\\shop\\backend\\vendor\\illuminate\\container\\Util.php(40): Illuminate\\Container\\BoundMethod::Illuminate\\Container\\{closure}()
#2 D:\\my-code\\kehu-web\\shop\\backend\\vendor\\illuminate\\container\\BoundMethod.php(93): Illuminate\\Container\\Util::unwrapIfClosure()
#3 D:\\my-code\\kehu-web\\shop\\backend\\vendor\\illuminate\\container\\BoundMethod.php(35): Illuminate\\Container\\BoundMethod::callBoundMethod()
#4 D:\\my-code\\kehu-web\\shop\\backend\\vendor\\illuminate\\container\\Container.php(653): Illuminate\\Container\\BoundMethod::call()
#5 D:\\my-code\\kehu-web\\shop\\backend\\vendor\\laravel\\lumen-framework\\src\\Concerns\\RoutesRequests.php(389): Illuminate\\Container\\Container->call()
#6 D:\\my-code\\kehu-web\\shop\\backend\\vendor\\laravel\\lumen-framework\\src\\Concerns\\RoutesRequests.php(354): Laravel\\Lumen\\Application->callControllerCallable()
#7 D:\\my-code\\kehu-web\\shop\\backend\\vendor\\laravel\\lumen-framework\\src\\Concerns\\RoutesRequests.php(329): Laravel\\Lumen\\Application->callLumenController()
#8 D:\\my-code\\kehu-web\\shop\\backend\\vendor\\laravel\\lumen-framework\\src\\Concerns\\RoutesRequests.php(282): Laravel\\Lumen\\Application->callControllerAction()
#9 D:\\my-code\\kehu-web\\shop\\backend\\vendor\\laravel\\lumen-framework\\src\\Concerns\\RoutesRequests.php(262): Laravel\\Lumen\\Application->callActionOnArrayBasedRoute()
#10 D:\\my-code\\kehu-web\\shop\\backend\\vendor\\laravel\\lumen-framework\\src\\Routing\\Pipeline.php(48): Laravel\\Lumen\\Application->Laravel\\Lumen\\Concerns\\{closure}()
#11 D:\\my-code\\kehu-web\\shop\\backend\\app\\Http\\Middleware\\AdminAuthenticate.php(26): Laravel\\Lumen\\Routing\\Pipeline->Laravel\\Lumen\\Routing\\{closure}()
#12 D:\\my-code\\kehu-web\\shop\\backend\\vendor\\illuminate\\pipeline\\Pipeline.php(167): App\\Http\\Middleware\\AdminAuthenticate->handle()
#13 D:\\my-code\\kehu-web\\shop\\backend\\vendor\\laravel\\lumen-framework\\src\\Routing\\Pipeline.php(30): Illuminate\\Pipeline\\Pipeline->Illuminate\\Pipeline\\{closure}()
#14 D:\\my-code\\kehu-web\\shop\\backend\\vendor\\illuminate\\pipeline\\Pipeline.php(103): Laravel\\Lumen\\Routing\\Pipeline->Laravel\\Lumen\\Routing\\{closure}()
#15 D:\\my-code\\kehu-web\\shop\\backend\\vendor\\laravel\\lumen-framework\\src\\Concerns\\RoutesRequests.php(426): Illuminate\\Pipeline\\Pipeline->then()
#16 D:\\my-code\\kehu-web\\shop\\backend\\vendor\\laravel\\lumen-framework\\src\\Concerns\\RoutesRequests.php(261): Laravel\\Lumen\\Application->sendThroughPipeline()
#17 D:\\my-code\\kehu-web\\shop\\backend\\vendor\\laravel\\lumen-framework\\src\\Concerns\\RoutesRequests.php(237): Laravel\\Lumen\\Application->handleFoundRoute()
#18 D:\\my-code\\kehu-web\\shop\\backend\\vendor\\laravel\\lumen-framework\\src\\Concerns\\RoutesRequests.php(172): Laravel\\Lumen\\Application->handleDispatcherResponse()
#19 D:\\my-code\\kehu-web\\shop\\backend\\vendor\\laravel\\lumen-framework\\src\\Routing\\Pipeline.php(48): Laravel\\Lumen\\Application->Laravel\\Lumen\\Concerns\\{closure}()
#20 D:\\my-code\\kehu-web\\shop\\backend\\app\\Http\\Middleware\\CorsMiddleware.php(30): Laravel\\Lumen\\Routing\\Pipeline->Laravel\\Lumen\\Routing\\{closure}()
#21 D:\\my-code\\kehu-web\\shop\\backend\\vendor\\illuminate\\pipeline\\Pipeline.php(167): App\\Http\\Middleware\\CorsMiddleware->handle()
#22 D:\\my-code\\kehu-web\\shop\\backend\\vendor\\laravel\\lumen-framework\\src\\Routing\\Pipeline.php(30): Illuminate\\Pipeline\\Pipeline->Illuminate\\Pipeline\\{closure}()
#23 D:\\my-code\\kehu-web\\shop\\backend\\vendor\\illuminate\\pipeline\\Pipeline.php(103): Laravel\\Lumen\\Routing\\Pipeline->Laravel\\Lumen\\Routing\\{closure}()
#24 D:\\my-code\\kehu-web\\shop\\backend\\vendor\\laravel\\lumen-framework\\src\\Concerns\\RoutesRequests.php(426): Illuminate\\Pipeline\\Pipeline->then()
#25 D:\\my-code\\kehu-web\\shop\\backend\\vendor\\laravel\\lumen-framework\\src\\Concerns\\RoutesRequests.php(165): Laravel\\Lumen\\Application->sendThroughPipeline()
#26 D:\\my-code\\kehu-web\\shop\\backend\\vendor\\laravel\\lumen-framework\\src\\Concerns\\RoutesRequests.php(112): Laravel\\Lumen\\Application->dispatch()
#27 D:\\my-code\\kehu-web\\shop\\backend\\public\\index.php(17): Laravel\\Lumen\\Application->run()
#28 {main}
"} 
[2025-12-16 23:46:13] production.ERROR: Call to undefined function App\Http\Controllers\Admin\now() {"exception":"[object] (Error(code: 0): Call to undefined function App\\Http\\Controllers\\Admin\\now() at D:\\my-code\\kehu-web\\shop\\backend\\app\\Http\\Controllers\\Admin\\OrderController.php:104)
[stacktrace]
#0 D:\\my-code\\kehu-web\\shop\\backend\\vendor\\illuminate\\container\\BoundMethod.php(36): App\\Http\\Controllers\\Admin\\OrderController->ship()
#1 D:\\my-code\\kehu-web\\shop\\backend\\vendor\\illuminate\\container\\Util.php(40): Illuminate\\Container\\BoundMethod::Illuminate\\Container\\{closure}()
#2 D:\\my-code\\kehu-web\\shop\\backend\\vendor\\illuminate\\container\\BoundMethod.php(93): Illuminate\\Container\\Util::unwrapIfClosure()
#3 D:\\my-code\\kehu-web\\shop\\backend\\vendor\\illuminate\\container\\BoundMethod.php(35): Illuminate\\Container\\BoundMethod::callBoundMethod()
#4 D:\\my-code\\kehu-web\\shop\\backend\\vendor\\illuminate\\container\\Container.php(653): Illuminate\\Container\\BoundMethod::call()
#5 D:\\my-code\\kehu-web\\shop\\backend\\vendor\\laravel\\lumen-framework\\src\\Concerns\\RoutesRequests.php(389): Illuminate\\Container\\Container->call()
#6 D:\\my-code\\kehu-web\\shop\\backend\\vendor\\laravel\\lumen-framework\\src\\Concerns\\RoutesRequests.php(354): Laravel\\Lumen\\Application->callControllerCallable()
#7 D:\\my-code\\kehu-web\\shop\\backend\\vendor\\laravel\\lumen-framework\\src\\Concerns\\RoutesRequests.php(329): Laravel\\Lumen\\Application->callLumenController()
#8 D:\\my-code\\kehu-web\\shop\\backend\\vendor\\laravel\\lumen-framework\\src\\Concerns\\RoutesRequests.php(282): Laravel\\Lumen\\Application->callControllerAction()
#9 D:\\my-code\\kehu-web\\shop\\backend\\vendor\\laravel\\lumen-framework\\src\\Concerns\\RoutesRequests.php(262): Laravel\\Lumen\\Application->callActionOnArrayBasedRoute()
#10 D:\\my-code\\kehu-web\\shop\\backend\\vendor\\laravel\\lumen-framework\\src\\Routing\\Pipeline.php(48): Laravel\\Lumen\\Application->Laravel\\Lumen\\Concerns\\{closure}()
#11 D:\\my-code\\kehu-web\\shop\\backend\\app\\Http\\Middleware\\AdminAuthenticate.php(26): Laravel\\Lumen\\Routing\\Pipeline->Laravel\\Lumen\\Routing\\{closure}()
#12 D:\\my-code\\kehu-web\\shop\\backend\\vendor\\illuminate\\pipeline\\Pipeline.php(167): App\\Http\\Middleware\\AdminAuthenticate->handle()
#13 D:\\my-code\\kehu-web\\shop\\backend\\vendor\\laravel\\lumen-framework\\src\\Routing\\Pipeline.php(30): Illuminate\\Pipeline\\Pipeline->Illuminate\\Pipeline\\{closure}()
#14 D:\\my-code\\kehu-web\\shop\\backend\\vendor\\illuminate\\pipeline\\Pipeline.php(103): Laravel\\Lumen\\Routing\\Pipeline->Laravel\\Lumen\\Routing\\{closure}()
#15 D:\\my-code\\kehu-web\\shop\\backend\\vendor\\laravel\\lumen-framework\\src\\Concerns\\RoutesRequests.php(426): Illuminate\\Pipeline\\Pipeline->then()
#16 D:\\my-code\\kehu-web\\shop\\backend\\vendor\\laravel\\lumen-framework\\src\\Concerns\\RoutesRequests.php(261): Laravel\\Lumen\\Application->sendThroughPipeline()
#17 D:\\my-code\\kehu-web\\shop\\backend\\vendor\\laravel\\lumen-framework\\src\\Concerns\\RoutesRequests.php(237): Laravel\\Lumen\\Application->handleFoundRoute()
#18 D:\\my-code\\kehu-web\\shop\\backend\\vendor\\laravel\\lumen-framework\\src\\Concerns\\RoutesRequests.php(172): Laravel\\Lumen\\Application->handleDispatcherResponse()
#19 D:\\my-code\\kehu-web\\shop\\backend\\vendor\\laravel\\lumen-framework\\src\\Routing\\Pipeline.php(48): Laravel\\Lumen\\Application->Laravel\\Lumen\\Concerns\\{closure}()
#20 D:\\my-code\\kehu-web\\shop\\backend\\app\\Http\\Middleware\\CorsMiddleware.php(30): Laravel\\Lumen\\Routing\\Pipeline->Laravel\\Lumen\\Routing\\{closure}()
#21 D:\\my-code\\kehu-web\\shop\\backend\\vendor\\illuminate\\pipeline\\Pipeline.php(167): App\\Http\\Middleware\\CorsMiddleware->handle()
#22 D:\\my-code\\kehu-web\\shop\\backend\\vendor\\laravel\\lumen-framework\\src\\Routing\\Pipeline.php(30): Illuminate\\Pipeline\\Pipeline->Illuminate\\Pipeline\\{closure}()
#23 D:\\my-code\\kehu-web\\shop\\backend\\vendor\\illuminate\\pipeline\\Pipeline.php(103): Laravel\\Lumen\\Routing\\Pipeline->Laravel\\Lumen\\Routing\\{closure}()
#24 D:\\my-code\\kehu-web\\shop\\backend\\vendor\\laravel\\lumen-framework\\src\\Concerns\\RoutesRequests.php(426): Illuminate\\Pipeline\\Pipeline->then()
#25 D:\\my-code\\kehu-web\\shop\\backend\\vendor\\laravel\\lumen-framework\\src\\Concerns\\RoutesRequests.php(165): Laravel\\Lumen\\Application->sendThroughPipeline()
#26 D:\\my-code\\kehu-web\\shop\\backend\\vendor\\laravel\\lumen-framework\\src\\Concerns\\RoutesRequests.php(112): Laravel\\Lumen\\Application->dispatch()
#27 D:\\my-code\\kehu-web\\shop\\backend\\public\\index.php(17): Laravel\\Lumen\\Application->run()
#28 {main}
"} 
[2025-12-16 23:52:24] production.ERROR: Call to undefined function App\Http\Controllers\Admin\now() {"exception":"[object] (Error(code: 0): Call to undefined function App\\Http\\Controllers\\Admin\\now() at D:\\my-code\\kehu-web\\shop\\backend\\app\\Http\\Controllers\\Admin\\OrderController.php:104)
[stacktrace]
#0 D:\\my-code\\kehu-web\\shop\\backend\\vendor\\illuminate\\container\\BoundMethod.php(36): App\\Http\\Controllers\\Admin\\OrderController->ship()
#1 D:\\my-code\\kehu-web\\shop\\backend\\vendor\\illuminate\\container\\Util.php(40): Illuminate\\Container\\BoundMethod::Illuminate\\Container\\{closure}()
#2 D:\\my-code\\kehu-web\\shop\\backend\\vendor\\illuminate\\container\\BoundMethod.php(93): Illuminate\\Container\\Util::unwrapIfClosure()
#3 D:\\my-code\\kehu-web\\shop\\backend\\vendor\\illuminate\\container\\BoundMethod.php(35): Illuminate\\Container\\BoundMethod::callBoundMethod()
#4 D:\\my-code\\kehu-web\\shop\\backend\\vendor\\illuminate\\container\\Container.php(653): Illuminate\\Container\\BoundMethod::call()
#5 D:\\my-code\\kehu-web\\shop\\backend\\vendor\\laravel\\lumen-framework\\src\\Concerns\\RoutesRequests.php(389): Illuminate\\Container\\Container->call()
#6 D:\\my-code\\kehu-web\\shop\\backend\\vendor\\laravel\\lumen-framework\\src\\Concerns\\RoutesRequests.php(354): Laravel\\Lumen\\Application->callControllerCallable()
#7 D:\\my-code\\kehu-web\\shop\\backend\\vendor\\laravel\\lumen-framework\\src\\Concerns\\RoutesRequests.php(329): Laravel\\Lumen\\Application->callLumenController()
#8 D:\\my-code\\kehu-web\\shop\\backend\\vendor\\laravel\\lumen-framework\\src\\Concerns\\RoutesRequests.php(282): Laravel\\Lumen\\Application->callControllerAction()
#9 D:\\my-code\\kehu-web\\shop\\backend\\vendor\\laravel\\lumen-framework\\src\\Concerns\\RoutesRequests.php(262): Laravel\\Lumen\\Application->callActionOnArrayBasedRoute()
#10 D:\\my-code\\kehu-web\\shop\\backend\\vendor\\laravel\\lumen-framework\\src\\Routing\\Pipeline.php(48): Laravel\\Lumen\\Application->Laravel\\Lumen\\Concerns\\{closure}()
#11 D:\\my-code\\kehu-web\\shop\\backend\\app\\Http\\Middleware\\AdminAuthenticate.php(26): Laravel\\Lumen\\Routing\\Pipeline->Laravel\\Lumen\\Routing\\{closure}()
#12 D:\\my-code\\kehu-web\\shop\\backend\\vendor\\illuminate\\pipeline\\Pipeline.php(167): App\\Http\\Middleware\\AdminAuthenticate->handle()
#13 D:\\my-code\\kehu-web\\shop\\backend\\vendor\\laravel\\lumen-framework\\src\\Routing\\Pipeline.php(30): Illuminate\\Pipeline\\Pipeline->Illuminate\\Pipeline\\{closure}()
#14 D:\\my-code\\kehu-web\\shop\\backend\\vendor\\illuminate\\pipeline\\Pipeline.php(103): Laravel\\Lumen\\Routing\\Pipeline->Laravel\\Lumen\\Routing\\{closure}()
#15 D:\\my-code\\kehu-web\\shop\\backend\\vendor\\laravel\\lumen-framework\\src\\Concerns\\RoutesRequests.php(426): Illuminate\\Pipeline\\Pipeline->then()
#16 D:\\my-code\\kehu-web\\shop\\backend\\vendor\\laravel\\lumen-framework\\src\\Concerns\\RoutesRequests.php(261): Laravel\\Lumen\\Application->sendThroughPipeline()
#17 D:\\my-code\\kehu-web\\shop\\backend\\vendor\\laravel\\lumen-framework\\src\\Concerns\\RoutesRequests.php(237): Laravel\\Lumen\\Application->handleFoundRoute()
#18 D:\\my-code\\kehu-web\\shop\\backend\\vendor\\laravel\\lumen-framework\\src\\Concerns\\RoutesRequests.php(172): Laravel\\Lumen\\Application->handleDispatcherResponse()
#19 D:\\my-code\\kehu-web\\shop\\backend\\vendor\\laravel\\lumen-framework\\src\\Routing\\Pipeline.php(48): Laravel\\Lumen\\Application->Laravel\\Lumen\\Concerns\\{closure}()
#20 D:\\my-code\\kehu-web\\shop\\backend\\app\\Http\\Middleware\\CorsMiddleware.php(30): Laravel\\Lumen\\Routing\\Pipeline->Laravel\\Lumen\\Routing\\{closure}()
#21 D:\\my-code\\kehu-web\\shop\\backend\\vendor\\illuminate\\pipeline\\Pipeline.php(167): App\\Http\\Middleware\\CorsMiddleware->handle()
#22 D:\\my-code\\kehu-web\\shop\\backend\\vendor\\laravel\\lumen-framework\\src\\Routing\\Pipeline.php(30): Illuminate\\Pipeline\\Pipeline->Illuminate\\Pipeline\\{closure}()
#23 D:\\my-code\\kehu-web\\shop\\backend\\vendor\\illuminate\\pipeline\\Pipeline.php(103): Laravel\\Lumen\\Routing\\Pipeline->Laravel\\Lumen\\Routing\\{closure}()
#24 D:\\my-code\\kehu-web\\shop\\backend\\vendor\\laravel\\lumen-framework\\src\\Concerns\\RoutesRequests.php(426): Illuminate\\Pipeline\\Pipeline->then()
#25 D:\\my-code\\kehu-web\\shop\\backend\\vendor\\laravel\\lumen-framework\\src\\Concerns\\RoutesRequests.php(165): Laravel\\Lumen\\Application->sendThroughPipeline()
#26 D:\\my-code\\kehu-web\\shop\\backend\\vendor\\laravel\\lumen-framework\\src\\Concerns\\RoutesRequests.php(112): Laravel\\Lumen\\Application->dispatch()
#27 D:\\my-code\\kehu-web\\shop\\backend\\public\\index.php(17): Laravel\\Lumen\\Application->run()
#28 {main}
"} 
[2025-12-16 23:53:09] production.ERROR: Call to undefined function App\Http\Controllers\Api\now() {"exception":"[object] (Error(code: 0): Call to undefined function App\\Http\\Controllers\\Api\\now() at D:\\my-code\\kehu-web\\shop\\backend\\app\\Http\\Controllers\\Api\\SubscriptionController.php:204)
[stacktrace]
#0 D:\\my-code\\kehu-web\\shop\\backend\\vendor\\illuminate\\container\\BoundMethod.php(36): App\\Http\\Controllers\\Api\\SubscriptionController->cancel()
#1 D:\\my-code\\kehu-web\\shop\\backend\\vendor\\illuminate\\container\\Util.php(40): Illuminate\\Container\\BoundMethod::Illuminate\\Container\\{closure}()
#2 D:\\my-code\\kehu-web\\shop\\backend\\vendor\\illuminate\\container\\BoundMethod.php(93): Illuminate\\Container\\Util::unwrapIfClosure()
#3 D:\\my-code\\kehu-web\\shop\\backend\\vendor\\illuminate\\container\\BoundMethod.php(35): Illuminate\\Container\\BoundMethod::callBoundMethod()
#4 D:\\my-code\\kehu-web\\shop\\backend\\vendor\\illuminate\\container\\Container.php(653): Illuminate\\Container\\BoundMethod::call()
#5 D:\\my-code\\kehu-web\\shop\\backend\\vendor\\laravel\\lumen-framework\\src\\Concerns\\RoutesRequests.php(389): Illuminate\\Container\\Container->call()
#6 D:\\my-code\\kehu-web\\shop\\backend\\vendor\\laravel\\lumen-framework\\src\\Concerns\\RoutesRequests.php(354): Laravel\\Lumen\\Application->callControllerCallable()
#7 D:\\my-code\\kehu-web\\shop\\backend\\vendor\\laravel\\lumen-framework\\src\\Concerns\\RoutesRequests.php(329): Laravel\\Lumen\\Application->callLumenController()
#8 D:\\my-code\\kehu-web\\shop\\backend\\vendor\\laravel\\lumen-framework\\src\\Concerns\\RoutesRequests.php(282): Laravel\\Lumen\\Application->callControllerAction()
#9 D:\\my-code\\kehu-web\\shop\\backend\\vendor\\laravel\\lumen-framework\\src\\Concerns\\RoutesRequests.php(262): Laravel\\Lumen\\Application->callActionOnArrayBasedRoute()
#10 D:\\my-code\\kehu-web\\shop\\backend\\vendor\\laravel\\lumen-framework\\src\\Routing\\Pipeline.php(48): Laravel\\Lumen\\Application->Laravel\\Lumen\\Concerns\\{closure}()
#11 D:\\my-code\\kehu-web\\shop\\backend\\app\\Http\\Middleware\\Authenticate.php(45): Laravel\\Lumen\\Routing\\Pipeline->Laravel\\Lumen\\Routing\\{closure}()
#12 D:\\my-code\\kehu-web\\shop\\backend\\vendor\\illuminate\\pipeline\\Pipeline.php(167): App\\Http\\Middleware\\Authenticate->handle()
#13 D:\\my-code\\kehu-web\\shop\\backend\\vendor\\laravel\\lumen-framework\\src\\Routing\\Pipeline.php(30): Illuminate\\Pipeline\\Pipeline->Illuminate\\Pipeline\\{closure}()
#14 D:\\my-code\\kehu-web\\shop\\backend\\vendor\\illuminate\\pipeline\\Pipeline.php(103): Laravel\\Lumen\\Routing\\Pipeline->Laravel\\Lumen\\Routing\\{closure}()
#15 D:\\my-code\\kehu-web\\shop\\backend\\vendor\\laravel\\lumen-framework\\src\\Concerns\\RoutesRequests.php(426): Illuminate\\Pipeline\\Pipeline->then()
#16 D:\\my-code\\kehu-web\\shop\\backend\\vendor\\laravel\\lumen-framework\\src\\Concerns\\RoutesRequests.php(261): Laravel\\Lumen\\Application->sendThroughPipeline()
#17 D:\\my-code\\kehu-web\\shop\\backend\\vendor\\laravel\\lumen-framework\\src\\Concerns\\RoutesRequests.php(237): Laravel\\Lumen\\Application->handleFoundRoute()
#18 D:\\my-code\\kehu-web\\shop\\backend\\vendor\\laravel\\lumen-framework\\src\\Concerns\\RoutesRequests.php(172): Laravel\\Lumen\\Application->handleDispatcherResponse()
#19 D:\\my-code\\kehu-web\\shop\\backend\\vendor\\laravel\\lumen-framework\\src\\Routing\\Pipeline.php(48): Laravel\\Lumen\\Application->Laravel\\Lumen\\Concerns\\{closure}()
#20 D:\\my-code\\kehu-web\\shop\\backend\\app\\Http\\Middleware\\CorsMiddleware.php(30): Laravel\\Lumen\\Routing\\Pipeline->Laravel\\Lumen\\Routing\\{closure}()
#21 D:\\my-code\\kehu-web\\shop\\backend\\vendor\\illuminate\\pipeline\\Pipeline.php(167): App\\Http\\Middleware\\CorsMiddleware->handle()
#22 D:\\my-code\\kehu-web\\shop\\backend\\vendor\\laravel\\lumen-framework\\src\\Routing\\Pipeline.php(30): Illuminate\\Pipeline\\Pipeline->Illuminate\\Pipeline\\{closure}()
#23 D:\\my-code\\kehu-web\\shop\\backend\\vendor\\illuminate\\pipeline\\Pipeline.php(103): Laravel\\Lumen\\Routing\\Pipeline->Laravel\\Lumen\\Routing\\{closure}()
#24 D:\\my-code\\kehu-web\\shop\\backend\\vendor\\laravel\\lumen-framework\\src\\Concerns\\RoutesRequests.php(426): Illuminate\\Pipeline\\Pipeline->then()
#25 D:\\my-code\\kehu-web\\shop\\backend\\vendor\\laravel\\lumen-framework\\src\\Concerns\\RoutesRequests.php(165): Laravel\\Lumen\\Application->sendThroughPipeline()
#26 D:\\my-code\\kehu-web\\shop\\backend\\vendor\\laravel\\lumen-framework\\src\\Concerns\\RoutesRequests.php(112): Laravel\\Lumen\\Application->dispatch()
#27 D:\\my-code\\kehu-web\\shop\\backend\\public\\index.php(17): Laravel\\Lumen\\Application->run()
#28 {main}
"} 
[2025-12-16 23:54:38] production.ERROR: SQLSTATE[42S22]: Column not found: 1054 Unknown column 'email' in 'field list' (SQL: update `addresses` set `city` = 111, `postal_code` = 1112, `email` = 765233482@qq.com, `addresses`.`updated_at` = 2025-12-16 23:54:38 where `id` = 7) {"exception":"[object] (Illuminate\\Database\\QueryException(code: 42S22): SQLSTATE[42S22]: Column not found: 1054 Unknown column 'email' in 'field list' (SQL: update `addresses` set `city` = 111, `postal_code` = 1112, `email` = 765233482@qq.com, `addresses`.`updated_at` = 2025-12-16 23:54:38 where `id` = 7) at D:\\my-code\\kehu-web\\shop\\backend\\vendor\\illuminate\\database\\Connection.php:712)
[stacktrace]
#0 D:\\my-code\\kehu-web\\shop\\backend\\vendor\\illuminate\\database\\Connection.php(672): Illuminate\\Database\\Connection->runQueryCallback()
#1 D:\\my-code\\kehu-web\\shop\\backend\\vendor\\illuminate\\database\\Connection.php(514): Illuminate\\Database\\Connection->run()
#2 D:\\my-code\\kehu-web\\shop\\backend\\vendor\\illuminate\\database\\Connection.php(466): Illuminate\\Database\\Connection->affectingStatement()
#3 D:\\my-code\\kehu-web\\shop\\backend\\vendor\\illuminate\\database\\Query\\Builder.php(3062): Illuminate\\Database\\Connection->update()
#4 D:\\my-code\\kehu-web\\shop\\backend\\vendor\\illuminate\\database\\Eloquent\\Builder.php(921): Illuminate\\Database\\Query\\Builder->update()
#5 D:\\my-code\\kehu-web\\shop\\backend\\vendor\\illuminate\\database\\Eloquent\\Model.php(1072): Illuminate\\Database\\Eloquent\\Builder->update()
#6 D:\\my-code\\kehu-web\\shop\\backend\\vendor\\illuminate\\database\\Eloquent\\Model.php(987): Illuminate\\Database\\Eloquent\\Model->performUpdate()
#7 D:\\my-code\\kehu-web\\shop\\backend\\vendor\\illuminate\\database\\Eloquent\\Model.php(885): Illuminate\\Database\\Eloquent\\Model->save()
#8 D:\\my-code\\kehu-web\\shop\\backend\\app\\Http\\Controllers\\Api\\AddressController.php(99): Illuminate\\Database\\Eloquent\\Model->update()
#9 D:\\my-code\\kehu-web\\shop\\backend\\vendor\\illuminate\\container\\BoundMethod.php(36): App\\Http\\Controllers\\Api\\AddressController->update()
#10 D:\\my-code\\kehu-web\\shop\\backend\\vendor\\illuminate\\container\\Util.php(40): Illuminate\\Container\\BoundMethod::Illuminate\\Container\\{closure}()
#11 D:\\my-code\\kehu-web\\shop\\backend\\vendor\\illuminate\\container\\BoundMethod.php(93): Illuminate\\Container\\Util::unwrapIfClosure()
#12 D:\\my-code\\kehu-web\\shop\\backend\\vendor\\illuminate\\container\\BoundMethod.php(35): Illuminate\\Container\\BoundMethod::callBoundMethod()
#13 D:\\my-code\\kehu-web\\shop\\backend\\vendor\\illuminate\\container\\Container.php(653): Illuminate\\Container\\BoundMethod::call()
#14 D:\\my-code\\kehu-web\\shop\\backend\\vendor\\laravel\\lumen-framework\\src\\Concerns\\RoutesRequests.php(389): Illuminate\\Container\\Container->call()
#15 D:\\my-code\\kehu-web\\shop\\backend\\vendor\\laravel\\lumen-framework\\src\\Concerns\\RoutesRequests.php(354): Laravel\\Lumen\\Application->callControllerCallable()
#16 D:\\my-code\\kehu-web\\shop\\backend\\vendor\\laravel\\lumen-framework\\src\\Concerns\\RoutesRequests.php(329): Laravel\\Lumen\\Application->callLumenController()
#17 D:\\my-code\\kehu-web\\shop\\backend\\vendor\\laravel\\lumen-framework\\src\\Concerns\\RoutesRequests.php(282): Laravel\\Lumen\\Application->callControllerAction()
#18 D:\\my-code\\kehu-web\\shop\\backend\\vendor\\laravel\\lumen-framework\\src\\Concerns\\RoutesRequests.php(262): Laravel\\Lumen\\Application->callActionOnArrayBasedRoute()
#19 D:\\my-code\\kehu-web\\shop\\backend\\vendor\\laravel\\lumen-framework\\src\\Routing\\Pipeline.php(48): Laravel\\Lumen\\Application->Laravel\\Lumen\\Concerns\\{closure}()
#20 D:\\my-code\\kehu-web\\shop\\backend\\app\\Http\\Middleware\\Authenticate.php(45): Laravel\\Lumen\\Routing\\Pipeline->Laravel\\Lumen\\Routing\\{closure}()
#21 D:\\my-code\\kehu-web\\shop\\backend\\vendor\\illuminate\\pipeline\\Pipeline.php(167): App\\Http\\Middleware\\Authenticate->handle()
#22 D:\\my-code\\kehu-web\\shop\\backend\\vendor\\laravel\\lumen-framework\\src\\Routing\\Pipeline.php(30): Illuminate\\Pipeline\\Pipeline->Illuminate\\Pipeline\\{closure}()
#23 D:\\my-code\\kehu-web\\shop\\backend\\vendor\\illuminate\\pipeline\\Pipeline.php(103): Laravel\\Lumen\\Routing\\Pipeline->Laravel\\Lumen\\Routing\\{closure}()
#24 D:\\my-code\\kehu-web\\shop\\backend\\vendor\\laravel\\lumen-framework\\src\\Concerns\\RoutesRequests.php(426): Illuminate\\Pipeline\\Pipeline->then()
#25 D:\\my-code\\kehu-web\\shop\\backend\\vendor\\laravel\\lumen-framework\\src\\Concerns\\RoutesRequests.php(261): Laravel\\Lumen\\Application->sendThroughPipeline()
#26 D:\\my-code\\kehu-web\\shop\\backend\\vendor\\laravel\\lumen-framework\\src\\Concerns\\RoutesRequests.php(237): Laravel\\Lumen\\Application->handleFoundRoute()
#27 D:\\my-code\\kehu-web\\shop\\backend\\vendor\\laravel\\lumen-framework\\src\\Concerns\\RoutesRequests.php(172): Laravel\\Lumen\\Application->handleDispatcherResponse()
#28 D:\\my-code\\kehu-web\\shop\\backend\\vendor\\laravel\\lumen-framework\\src\\Routing\\Pipeline.php(48): Laravel\\Lumen\\Application->Laravel\\Lumen\\Concerns\\{closure}()
#29 D:\\my-code\\kehu-web\\shop\\backend\\app\\Http\\Middleware\\CorsMiddleware.php(30): Laravel\\Lumen\\Routing\\Pipeline->Laravel\\Lumen\\Routing\\{closure}()
#30 D:\\my-code\\kehu-web\\shop\\backend\\vendor\\illuminate\\pipeline\\Pipeline.php(167): App\\Http\\Middleware\\CorsMiddleware->handle()
#31 D:\\my-code\\kehu-web\\shop\\backend\\vendor\\laravel\\lumen-framework\\src\\Routing\\Pipeline.php(30): Illuminate\\Pipeline\\Pipeline->Illuminate\\Pipeline\\{closure}()
#32 D:\\my-code\\kehu-web\\shop\\backend\\vendor\\illuminate\\pipeline\\Pipeline.php(103): Laravel\\Lumen\\Routing\\Pipeline->Laravel\\Lumen\\Routing\\{closure}()
#33 D:\\my-code\\kehu-web\\shop\\backend\\vendor\\laravel\\lumen-framework\\src\\Concerns\\RoutesRequests.php(426): Illuminate\\Pipeline\\Pipeline->then()
#34 D:\\my-code\\kehu-web\\shop\\backend\\vendor\\laravel\\lumen-framework\\src\\Concerns\\RoutesRequests.php(165): Laravel\\Lumen\\Application->sendThroughPipeline()
#35 D:\\my-code\\kehu-web\\shop\\backend\\vendor\\laravel\\lumen-framework\\src\\Concerns\\RoutesRequests.php(112): Laravel\\Lumen\\Application->dispatch()
#36 D:\\my-code\\kehu-web\\shop\\backend\\public\\index.php(17): Laravel\\Lumen\\Application->run()
#37 {main}

[previous exception] [object] (PDOException(code: 42S22): SQLSTATE[42S22]: Column not found: 1054 Unknown column 'email' in 'field list' at D:\\my-code\\kehu-web\\shop\\backend\\vendor\\illuminate\\database\\Connection.php:522)
[stacktrace]
#0 D:\\my-code\\kehu-web\\shop\\backend\\vendor\\illuminate\\database\\Connection.php(522): PDO->prepare()
#1 D:\\my-code\\kehu-web\\shop\\backend\\vendor\\illuminate\\database\\Connection.php(705): Illuminate\\Database\\Connection->Illuminate\\Database\\{closure}()
#2 D:\\my-code\\kehu-web\\shop\\backend\\vendor\\illuminate\\database\\Connection.php(672): Illuminate\\Database\\Connection->runQueryCallback()
#3 D:\\my-code\\kehu-web\\shop\\backend\\vendor\\illuminate\\database\\Connection.php(514): Illuminate\\Database\\Connection->run()
#4 D:\\my-code\\kehu-web\\shop\\backend\\vendor\\illuminate\\database\\Connection.php(466): Illuminate\\Database\\Connection->affectingStatement()
#5 D:\\my-code\\kehu-web\\shop\\backend\\vendor\\illuminate\\database\\Query\\Builder.php(3062): Illuminate\\Database\\Connection->update()
#6 D:\\my-code\\kehu-web\\shop\\backend\\vendor\\illuminate\\database\\Eloquent\\Builder.php(921): Illuminate\\Database\\Query\\Builder->update()
#7 D:\\my-code\\kehu-web\\shop\\backend\\vendor\\illuminate\\database\\Eloquent\\Model.php(1072): Illuminate\\Database\\Eloquent\\Builder->update()
#8 D:\\my-code\\kehu-web\\shop\\backend\\vendor\\illuminate\\database\\Eloquent\\Model.php(987): Illuminate\\Database\\Eloquent\\Model->performUpdate()
#9 D:\\my-code\\kehu-web\\shop\\backend\\vendor\\illuminate\\database\\Eloquent\\Model.php(885): Illuminate\\Database\\Eloquent\\Model->save()
#10 D:\\my-code\\kehu-web\\shop\\backend\\app\\Http\\Controllers\\Api\\AddressController.php(99): Illuminate\\Database\\Eloquent\\Model->update()
#11 D:\\my-code\\kehu-web\\shop\\backend\\vendor\\illuminate\\container\\BoundMethod.php(36): App\\Http\\Controllers\\Api\\AddressController->update()
#12 D:\\my-code\\kehu-web\\shop\\backend\\vendor\\illuminate\\container\\Util.php(40): Illuminate\\Container\\BoundMethod::Illuminate\\Container\\{closure}()
#13 D:\\my-code\\kehu-web\\shop\\backend\\vendor\\illuminate\\container\\BoundMethod.php(93): Illuminate\\Container\\Util::unwrapIfClosure()
#14 D:\\my-code\\kehu-web\\shop\\backend\\vendor\\illuminate\\container\\BoundMethod.php(35): Illuminate\\Container\\BoundMethod::callBoundMethod()
#15 D:\\my-code\\kehu-web\\shop\\backend\\vendor\\illuminate\\container\\Container.php(653): Illuminate\\Container\\BoundMethod::call()
#16 D:\\my-code\\kehu-web\\shop\\backend\\vendor\\laravel\\lumen-framework\\src\\Concerns\\RoutesRequests.php(389): Illuminate\\Container\\Container->call()
#17 D:\\my-code\\kehu-web\\shop\\backend\\vendor\\laravel\\lumen-framework\\src\\Concerns\\RoutesRequests.php(354): Laravel\\Lumen\\Application->callControllerCallable()
#18 D:\\my-code\\kehu-web\\shop\\backend\\vendor\\laravel\\lumen-framework\\src\\Concerns\\RoutesRequests.php(329): Laravel\\Lumen\\Application->callLumenController()
#19 D:\\my-code\\kehu-web\\shop\\backend\\vendor\\laravel\\lumen-framework\\src\\Concerns\\RoutesRequests.php(282): Laravel\\Lumen\\Application->callControllerAction()
#20 D:\\my-code\\kehu-web\\shop\\backend\\vendor\\laravel\\lumen-framework\\src\\Concerns\\RoutesRequests.php(262): Laravel\\Lumen\\Application->callActionOnArrayBasedRoute()
#21 D:\\my-code\\kehu-web\\shop\\backend\\vendor\\laravel\\lumen-framework\\src\\Routing\\Pipeline.php(48): Laravel\\Lumen\\Application->Laravel\\Lumen\\Concerns\\{closure}()
#22 D:\\my-code\\kehu-web\\shop\\backend\\app\\Http\\Middleware\\Authenticate.php(45): Laravel\\Lumen\\Routing\\Pipeline->Laravel\\Lumen\\Routing\\{closure}()
#23 D:\\my-code\\kehu-web\\shop\\backend\\vendor\\illuminate\\pipeline\\Pipeline.php(167): App\\Http\\Middleware\\Authenticate->handle()
#24 D:\\my-code\\kehu-web\\shop\\backend\\vendor\\laravel\\lumen-framework\\src\\Routing\\Pipeline.php(30): Illuminate\\Pipeline\\Pipeline->Illuminate\\Pipeline\\{closure}()
#25 D:\\my-code\\kehu-web\\shop\\backend\\vendor\\illuminate\\pipeline\\Pipeline.php(103): Laravel\\Lumen\\Routing\\Pipeline->Laravel\\Lumen\\Routing\\{closure}()
#26 D:\\my-code\\kehu-web\\shop\\backend\\vendor\\laravel\\lumen-framework\\src\\Concerns\\RoutesRequests.php(426): Illuminate\\Pipeline\\Pipeline->then()
#27 D:\\my-code\\kehu-web\\shop\\backend\\vendor\\laravel\\lumen-framework\\src\\Concerns\\RoutesRequests.php(261): Laravel\\Lumen\\Application->sendThroughPipeline()
#28 D:\\my-code\\kehu-web\\shop\\backend\\vendor\\laravel\\lumen-framework\\src\\Concerns\\RoutesRequests.php(237): Laravel\\Lumen\\Application->handleFoundRoute()
#29 D:\\my-code\\kehu-web\\shop\\backend\\vendor\\laravel\\lumen-framework\\src\\Concerns\\RoutesRequests.php(172): Laravel\\Lumen\\Application->handleDispatcherResponse()
#30 D:\\my-code\\kehu-web\\shop\\backend\\vendor\\laravel\\lumen-framework\\src\\Routing\\Pipeline.php(48): Laravel\\Lumen\\Application->Laravel\\Lumen\\Concerns\\{closure}()
#31 D:\\my-code\\kehu-web\\shop\\backend\\app\\Http\\Middleware\\CorsMiddleware.php(30): Laravel\\Lumen\\Routing\\Pipeline->Laravel\\Lumen\\Routing\\{closure}()
#32 D:\\my-code\\kehu-web\\shop\\backend\\vendor\\illuminate\\pipeline\\Pipeline.php(167): App\\Http\\Middleware\\CorsMiddleware->handle()
#33 D:\\my-code\\kehu-web\\shop\\backend\\vendor\\laravel\\lumen-framework\\src\\Routing\\Pipeline.php(30): Illuminate\\Pipeline\\Pipeline->Illuminate\\Pipeline\\{closure}()
#34 D:\\my-code\\kehu-web\\shop\\backend\\vendor\\illuminate\\pipeline\\Pipeline.php(103): Laravel\\Lumen\\Routing\\Pipeline->Laravel\\Lumen\\Routing\\{closure}()
#35 D:\\my-code\\kehu-web\\shop\\backend\\vendor\\laravel\\lumen-framework\\src\\Concerns\\RoutesRequests.php(426): Illuminate\\Pipeline\\Pipeline->then()
#36 D:\\my-code\\kehu-web\\shop\\backend\\vendor\\laravel\\lumen-framework\\src\\Concerns\\RoutesRequests.php(165): Laravel\\Lumen\\Application->sendThroughPipeline()
#37 D:\\my-code\\kehu-web\\shop\\backend\\vendor\\laravel\\lumen-framework\\src\\Concerns\\RoutesRequests.php(112): Laravel\\Lumen\\Application->dispatch()
#38 D:\\my-code\\kehu-web\\shop\\backend\\public\\index.php(17): Laravel\\Lumen\\Application->run()
#39 {main}
"} 
