[2025-12-13 14:31:42] production.ERROR: Target class [admin.auth] does not exist. {"exception":"[object] (Illuminate\\Contracts\\Container\\BindingResolutionException(code: 0): Target class [admin.auth] does not exist. at D:\\my-code\\kehu-web\\shop\\backend\\vendor\\illuminate\\container\\Container.php:879)
[stacktrace]
#0 D:\\my-code\\kehu-web\\shop\\backend\\vendor\\illuminate\\container\\Container.php(758): Illuminate\\Container\\Container->build()
#1 D:\\my-code\\kehu-web\\shop\\backend\\vendor\\illuminate\\container\\Container.php(694): Illuminate\\Container\\Container->resolve()
#2 D:\\my-code\\kehu-web\\shop\\backend\\vendor\\laravel\\lumen-framework\\src\\Application.php(300): Illuminate\\Container\\Container->make()
#3 D:\\my-code\\kehu-web\\shop\\backend\\vendor\\illuminate\\pipeline\\Pipeline.php(156): Laravel\\Lumen\\Application->make()
#4 D:\\my-code\\kehu-web\\shop\\backend\\vendor\\laravel\\lumen-framework\\src\\Routing\\Pipeline.php(30): Illuminate\\Pipeline\\Pipeline->Illuminate\\Pipeline\\{closure}()
#5 D:\\my-code\\kehu-web\\shop\\backend\\vendor\\illuminate\\pipeline\\Pipeline.php(103): Laravel\\Lumen\\Routing\\Pipeline->Laravel\\Lumen\\Routing\\{closure}()
#6 D:\\my-code\\kehu-web\\shop\\backend\\vendor\\laravel\\lumen-framework\\src\\Concerns\\RoutesRequests.php(426): Illuminate\\Pipeline\\Pipeline->then()
#7 D:\\my-code\\kehu-web\\shop\\backend\\vendor\\laravel\\lumen-framework\\src\\Concerns\\RoutesRequests.php(261): Laravel\\Lumen\\Application->sendThroughPipeline()
#8 D:\\my-code\\kehu-web\\shop\\backend\\vendor\\laravel\\lumen-framework\\src\\Concerns\\RoutesRequests.php(169): Laravel\\Lumen\\Application->handleFoundRoute()
#9 D:\\my-code\\kehu-web\\shop\\backend\\vendor\\laravel\\lumen-framework\\src\\Routing\\Pipeline.php(48): Laravel\\Lumen\\Application->Laravel\\Lumen\\Concerns\\{closure}()
#10 D:\\my-code\\kehu-web\\shop\\backend\\app\\Http\\Middleware\\CorsMiddleware.php(30): Laravel\\Lumen\\Routing\\Pipeline->Laravel\\Lumen\\Routing\\{closure}()
#11 D:\\my-code\\kehu-web\\shop\\backend\\vendor\\illuminate\\pipeline\\Pipeline.php(167): App\\Http\\Middleware\\CorsMiddleware->handle()
#12 D:\\my-code\\kehu-web\\shop\\backend\\vendor\\laravel\\lumen-framework\\src\\Routing\\Pipeline.php(30): Illuminate\\Pipeline\\Pipeline->Illuminate\\Pipeline\\{closure}()
#13 D:\\my-code\\kehu-web\\shop\\backend\\vendor\\illuminate\\pipeline\\Pipeline.php(103): Laravel\\Lumen\\Routing\\Pipeline->Laravel\\Lumen\\Routing\\{closure}()
#14 D:\\my-code\\kehu-web\\shop\\backend\\vendor\\laravel\\lumen-framework\\src\\Concerns\\RoutesRequests.php(426): Illuminate\\Pipeline\\Pipeline->then()
#15 D:\\my-code\\kehu-web\\shop\\backend\\vendor\\laravel\\lumen-framework\\src\\Concerns\\RoutesRequests.php(165): Laravel\\Lumen\\Application->sendThroughPipeline()
#16 D:\\my-code\\kehu-web\\shop\\backend\\vendor\\laravel\\lumen-framework\\src\\Concerns\\RoutesRequests.php(112): Laravel\\Lumen\\Application->dispatch()
#17 D:\\my-code\\kehu-web\\shop\\backend\\public\\index.php(17): Laravel\\Lumen\\Application->run()
#18 {main}

[previous exception] [object] (ReflectionException(code: -1): Class \"admin.auth\" does not exist at D:\\my-code\\kehu-web\\shop\\backend\\vendor\\illuminate\\container\\Container.php:877)
[stacktrace]
#0 D:\\my-code\\kehu-web\\shop\\backend\\vendor\\illuminate\\container\\Container.php(877): ReflectionClass->__construct()
#1 D:\\my-code\\kehu-web\\shop\\backend\\vendor\\illuminate\\container\\Container.php(758): Illuminate\\Container\\Container->build()
#2 D:\\my-code\\kehu-web\\shop\\backend\\vendor\\illuminate\\container\\Container.php(694): Illuminate\\Container\\Container->resolve()
#3 D:\\my-code\\kehu-web\\shop\\backend\\vendor\\laravel\\lumen-framework\\src\\Application.php(300): Illuminate\\Container\\Container->make()
#4 D:\\my-code\\kehu-web\\shop\\backend\\vendor\\illuminate\\pipeline\\Pipeline.php(156): Laravel\\Lumen\\Application->make()
#5 D:\\my-code\\kehu-web\\shop\\backend\\vendor\\laravel\\lumen-framework\\src\\Routing\\Pipeline.php(30): Illuminate\\Pipeline\\Pipeline->Illuminate\\Pipeline\\{closure}()
#6 D:\\my-code\\kehu-web\\shop\\backend\\vendor\\illuminate\\pipeline\\Pipeline.php(103): Laravel\\Lumen\\Routing\\Pipeline->Laravel\\Lumen\\Routing\\{closure}()
#7 D:\\my-code\\kehu-web\\shop\\backend\\vendor\\laravel\\lumen-framework\\src\\Concerns\\RoutesRequests.php(426): Illuminate\\Pipeline\\Pipeline->then()
#8 D:\\my-code\\kehu-web\\shop\\backend\\vendor\\laravel\\lumen-framework\\src\\Concerns\\RoutesRequests.php(261): Laravel\\Lumen\\Application->sendThroughPipeline()
#9 D:\\my-code\\kehu-web\\shop\\backend\\vendor\\laravel\\lumen-framework\\src\\Concerns\\RoutesRequests.php(169): Laravel\\Lumen\\Application->handleFoundRoute()
#10 D:\\my-code\\kehu-web\\shop\\backend\\vendor\\laravel\\lumen-framework\\src\\Routing\\Pipeline.php(48): Laravel\\Lumen\\Application->Laravel\\Lumen\\Concerns\\{closure}()
#11 D:\\my-code\\kehu-web\\shop\\backend\\app\\Http\\Middleware\\CorsMiddleware.php(30): Laravel\\Lumen\\Routing\\Pipeline->Laravel\\Lumen\\Routing\\{closure}()
#12 D:\\my-code\\kehu-web\\shop\\backend\\vendor\\illuminate\\pipeline\\Pipeline.php(167): App\\Http\\Middleware\\CorsMiddleware->handle()
#13 D:\\my-code\\kehu-web\\shop\\backend\\vendor\\laravel\\lumen-framework\\src\\Routing\\Pipeline.php(30): Illuminate\\Pipeline\\Pipeline->Illuminate\\Pipeline\\{closure}()
#14 D:\\my-code\\kehu-web\\shop\\backend\\vendor\\illuminate\\pipeline\\Pipeline.php(103): Laravel\\Lumen\\Routing\\Pipeline->Laravel\\Lumen\\Routing\\{closure}()
#15 D:\\my-code\\kehu-web\\shop\\backend\\vendor\\laravel\\lumen-framework\\src\\Concerns\\RoutesRequests.php(426): Illuminate\\Pipeline\\Pipeline->then()
#16 D:\\my-code\\kehu-web\\shop\\backend\\vendor\\laravel\\lumen-framework\\src\\Concerns\\RoutesRequests.php(165): Laravel\\Lumen\\Application->sendThroughPipeline()
#17 D:\\my-code\\kehu-web\\shop\\backend\\vendor\\laravel\\lumen-framework\\src\\Concerns\\RoutesRequests.php(112): Laravel\\Lumen\\Application->dispatch()
#18 D:\\my-code\\kehu-web\\shop\\backend\\public\\index.php(17): Laravel\\Lumen\\Application->run()
#19 {main}
"} 
[2025-12-13 14:32:53] production.ERROR: Target class [admin.auth] does not exist. {"exception":"[object] (Illuminate\\Contracts\\Container\\BindingResolutionException(code: 0): Target class [admin.auth] does not exist. at D:\\my-code\\kehu-web\\shop\\backend\\vendor\\illuminate\\container\\Container.php:879)
[stacktrace]
#0 D:\\my-code\\kehu-web\\shop\\backend\\vendor\\illuminate\\container\\Container.php(758): Illuminate\\Container\\Container->build()
#1 D:\\my-code\\kehu-web\\shop\\backend\\vendor\\illuminate\\container\\Container.php(694): Illuminate\\Container\\Container->resolve()
#2 D:\\my-code\\kehu-web\\shop\\backend\\vendor\\laravel\\lumen-framework\\src\\Application.php(300): Illuminate\\Container\\Container->make()
#3 D:\\my-code\\kehu-web\\shop\\backend\\vendor\\illuminate\\pipeline\\Pipeline.php(156): Laravel\\Lumen\\Application->make()
#4 D:\\my-code\\kehu-web\\shop\\backend\\vendor\\laravel\\lumen-framework\\src\\Routing\\Pipeline.php(30): Illuminate\\Pipeline\\Pipeline->Illuminate\\Pipeline\\{closure}()
#5 D:\\my-code\\kehu-web\\shop\\backend\\vendor\\illuminate\\pipeline\\Pipeline.php(103): Laravel\\Lumen\\Routing\\Pipeline->Laravel\\Lumen\\Routing\\{closure}()
#6 D:\\my-code\\kehu-web\\shop\\backend\\vendor\\laravel\\lumen-framework\\src\\Concerns\\RoutesRequests.php(426): Illuminate\\Pipeline\\Pipeline->then()
#7 D:\\my-code\\kehu-web\\shop\\backend\\vendor\\laravel\\lumen-framework\\src\\Concerns\\RoutesRequests.php(261): Laravel\\Lumen\\Application->sendThroughPipeline()
#8 D:\\my-code\\kehu-web\\shop\\backend\\vendor\\laravel\\lumen-framework\\src\\Concerns\\RoutesRequests.php(169): Laravel\\Lumen\\Application->handleFoundRoute()
#9 D:\\my-code\\kehu-web\\shop\\backend\\vendor\\laravel\\lumen-framework\\src\\Routing\\Pipeline.php(48): Laravel\\Lumen\\Application->Laravel\\Lumen\\Concerns\\{closure}()
#10 D:\\my-code\\kehu-web\\shop\\backend\\app\\Http\\Middleware\\CorsMiddleware.php(30): Laravel\\Lumen\\Routing\\Pipeline->Laravel\\Lumen\\Routing\\{closure}()
#11 D:\\my-code\\kehu-web\\shop\\backend\\vendor\\illuminate\\pipeline\\Pipeline.php(167): App\\Http\\Middleware\\CorsMiddleware->handle()
#12 D:\\my-code\\kehu-web\\shop\\backend\\vendor\\laravel\\lumen-framework\\src\\Routing\\Pipeline.php(30): Illuminate\\Pipeline\\Pipeline->Illuminate\\Pipeline\\{closure}()
#13 D:\\my-code\\kehu-web\\shop\\backend\\vendor\\illuminate\\pipeline\\Pipeline.php(103): Laravel\\Lumen\\Routing\\Pipeline->Laravel\\Lumen\\Routing\\{closure}()
#14 D:\\my-code\\kehu-web\\shop\\backend\\vendor\\laravel\\lumen-framework\\src\\Concerns\\RoutesRequests.php(426): Illuminate\\Pipeline\\Pipeline->then()
#15 D:\\my-code\\kehu-web\\shop\\backend\\vendor\\laravel\\lumen-framework\\src\\Concerns\\RoutesRequests.php(165): Laravel\\Lumen\\Application->sendThroughPipeline()
#16 D:\\my-code\\kehu-web\\shop\\backend\\vendor\\laravel\\lumen-framework\\src\\Concerns\\RoutesRequests.php(112): Laravel\\Lumen\\Application->dispatch()
#17 D:\\my-code\\kehu-web\\shop\\backend\\public\\index.php(17): Laravel\\Lumen\\Application->run()
#18 {main}

[previous exception] [object] (ReflectionException(code: -1): Class \"admin.auth\" does not exist at D:\\my-code\\kehu-web\\shop\\backend\\vendor\\illuminate\\container\\Container.php:877)
[stacktrace]
#0 D:\\my-code\\kehu-web\\shop\\backend\\vendor\\illuminate\\container\\Container.php(877): ReflectionClass->__construct()
#1 D:\\my-code\\kehu-web\\shop\\backend\\vendor\\illuminate\\container\\Container.php(758): Illuminate\\Container\\Container->build()
#2 D:\\my-code\\kehu-web\\shop\\backend\\vendor\\illuminate\\container\\Container.php(694): Illuminate\\Container\\Container->resolve()
#3 D:\\my-code\\kehu-web\\shop\\backend\\vendor\\laravel\\lumen-framework\\src\\Application.php(300): Illuminate\\Container\\Container->make()
#4 D:\\my-code\\kehu-web\\shop\\backend\\vendor\\illuminate\\pipeline\\Pipeline.php(156): Laravel\\Lumen\\Application->make()
#5 D:\\my-code\\kehu-web\\shop\\backend\\vendor\\laravel\\lumen-framework\\src\\Routing\\Pipeline.php(30): Illuminate\\Pipeline\\Pipeline->Illuminate\\Pipeline\\{closure}()
#6 D:\\my-code\\kehu-web\\shop\\backend\\vendor\\illuminate\\pipeline\\Pipeline.php(103): Laravel\\Lumen\\Routing\\Pipeline->Laravel\\Lumen\\Routing\\{closure}()
#7 D:\\my-code\\kehu-web\\shop\\backend\\vendor\\laravel\\lumen-framework\\src\\Concerns\\RoutesRequests.php(426): Illuminate\\Pipeline\\Pipeline->then()
#8 D:\\my-code\\kehu-web\\shop\\backend\\vendor\\laravel\\lumen-framework\\src\\Concerns\\RoutesRequests.php(261): Laravel\\Lumen\\Application->sendThroughPipeline()
#9 D:\\my-code\\kehu-web\\shop\\backend\\vendor\\laravel\\lumen-framework\\src\\Concerns\\RoutesRequests.php(169): Laravel\\Lumen\\Application->handleFoundRoute()
#10 D:\\my-code\\kehu-web\\shop\\backend\\vendor\\laravel\\lumen-framework\\src\\Routing\\Pipeline.php(48): Laravel\\Lumen\\Application->Laravel\\Lumen\\Concerns\\{closure}()
#11 D:\\my-code\\kehu-web\\shop\\backend\\app\\Http\\Middleware\\CorsMiddleware.php(30): Laravel\\Lumen\\Routing\\Pipeline->Laravel\\Lumen\\Routing\\{closure}()
#12 D:\\my-code\\kehu-web\\shop\\backend\\vendor\\illuminate\\pipeline\\Pipeline.php(167): App\\Http\\Middleware\\CorsMiddleware->handle()
#13 D:\\my-code\\kehu-web\\shop\\backend\\vendor\\laravel\\lumen-framework\\src\\Routing\\Pipeline.php(30): Illuminate\\Pipeline\\Pipeline->Illuminate\\Pipeline\\{closure}()
#14 D:\\my-code\\kehu-web\\shop\\backend\\vendor\\illuminate\\pipeline\\Pipeline.php(103): Laravel\\Lumen\\Routing\\Pipeline->Laravel\\Lumen\\Routing\\{closure}()
#15 D:\\my-code\\kehu-web\\shop\\backend\\vendor\\laravel\\lumen-framework\\src\\Concerns\\RoutesRequests.php(426): Illuminate\\Pipeline\\Pipeline->then()
#16 D:\\my-code\\kehu-web\\shop\\backend\\vendor\\laravel\\lumen-framework\\src\\Concerns\\RoutesRequests.php(165): Laravel\\Lumen\\Application->sendThroughPipeline()
#17 D:\\my-code\\kehu-web\\shop\\backend\\vendor\\laravel\\lumen-framework\\src\\Concerns\\RoutesRequests.php(112): Laravel\\Lumen\\Application->dispatch()
#18 D:\\my-code\\kehu-web\\shop\\backend\\public\\index.php(17): Laravel\\Lumen\\Application->run()
#19 {main}
"} 
[2025-12-13 14:33:03] production.ERROR: Target class [admin.auth] does not exist. {"exception":"[object] (Illuminate\\Contracts\\Container\\BindingResolutionException(code: 0): Target class [admin.auth] does not exist. at D:\\my-code\\kehu-web\\shop\\backend\\vendor\\illuminate\\container\\Container.php:879)
[stacktrace]
#0 D:\\my-code\\kehu-web\\shop\\backend\\vendor\\illuminate\\container\\Container.php(758): Illuminate\\Container\\Container->build()
#1 D:\\my-code\\kehu-web\\shop\\backend\\vendor\\illuminate\\container\\Container.php(694): Illuminate\\Container\\Container->resolve()
#2 D:\\my-code\\kehu-web\\shop\\backend\\vendor\\laravel\\lumen-framework\\src\\Application.php(300): Illuminate\\Container\\Container->make()
#3 D:\\my-code\\kehu-web\\shop\\backend\\vendor\\illuminate\\pipeline\\Pipeline.php(156): Laravel\\Lumen\\Application->make()
#4 D:\\my-code\\kehu-web\\shop\\backend\\vendor\\laravel\\lumen-framework\\src\\Routing\\Pipeline.php(30): Illuminate\\Pipeline\\Pipeline->Illuminate\\Pipeline\\{closure}()
#5 D:\\my-code\\kehu-web\\shop\\backend\\vendor\\illuminate\\pipeline\\Pipeline.php(103): Laravel\\Lumen\\Routing\\Pipeline->Laravel\\Lumen\\Routing\\{closure}()
#6 D:\\my-code\\kehu-web\\shop\\backend\\vendor\\laravel\\lumen-framework\\src\\Concerns\\RoutesRequests.php(426): Illuminate\\Pipeline\\Pipeline->then()
#7 D:\\my-code\\kehu-web\\shop\\backend\\vendor\\laravel\\lumen-framework\\src\\Concerns\\RoutesRequests.php(261): Laravel\\Lumen\\Application->sendThroughPipeline()
#8 D:\\my-code\\kehu-web\\shop\\backend\\vendor\\laravel\\lumen-framework\\src\\Concerns\\RoutesRequests.php(169): Laravel\\Lumen\\Application->handleFoundRoute()
#9 D:\\my-code\\kehu-web\\shop\\backend\\vendor\\laravel\\lumen-framework\\src\\Routing\\Pipeline.php(48): Laravel\\Lumen\\Application->Laravel\\Lumen\\Concerns\\{closure}()
#10 D:\\my-code\\kehu-web\\shop\\backend\\app\\Http\\Middleware\\CorsMiddleware.php(30): Laravel\\Lumen\\Routing\\Pipeline->Laravel\\Lumen\\Routing\\{closure}()
#11 D:\\my-code\\kehu-web\\shop\\backend\\vendor\\illuminate\\pipeline\\Pipeline.php(167): App\\Http\\Middleware\\CorsMiddleware->handle()
#12 D:\\my-code\\kehu-web\\shop\\backend\\vendor\\laravel\\lumen-framework\\src\\Routing\\Pipeline.php(30): Illuminate\\Pipeline\\Pipeline->Illuminate\\Pipeline\\{closure}()
#13 D:\\my-code\\kehu-web\\shop\\backend\\vendor\\illuminate\\pipeline\\Pipeline.php(103): Laravel\\Lumen\\Routing\\Pipeline->Laravel\\Lumen\\Routing\\{closure}()
#14 D:\\my-code\\kehu-web\\shop\\backend\\vendor\\laravel\\lumen-framework\\src\\Concerns\\RoutesRequests.php(426): Illuminate\\Pipeline\\Pipeline->then()
#15 D:\\my-code\\kehu-web\\shop\\backend\\vendor\\laravel\\lumen-framework\\src\\Concerns\\RoutesRequests.php(165): Laravel\\Lumen\\Application->sendThroughPipeline()
#16 D:\\my-code\\kehu-web\\shop\\backend\\vendor\\laravel\\lumen-framework\\src\\Concerns\\RoutesRequests.php(112): Laravel\\Lumen\\Application->dispatch()
#17 D:\\my-code\\kehu-web\\shop\\backend\\public\\index.php(17): Laravel\\Lumen\\Application->run()
#18 {main}

[previous exception] [object] (ReflectionException(code: -1): Class \"admin.auth\" does not exist at D:\\my-code\\kehu-web\\shop\\backend\\vendor\\illuminate\\container\\Container.php:877)
[stacktrace]
#0 D:\\my-code\\kehu-web\\shop\\backend\\vendor\\illuminate\\container\\Container.php(877): ReflectionClass->__construct()
#1 D:\\my-code\\kehu-web\\shop\\backend\\vendor\\illuminate\\container\\Container.php(758): Illuminate\\Container\\Container->build()
#2 D:\\my-code\\kehu-web\\shop\\backend\\vendor\\illuminate\\container\\Container.php(694): Illuminate\\Container\\Container->resolve()
#3 D:\\my-code\\kehu-web\\shop\\backend\\vendor\\laravel\\lumen-framework\\src\\Application.php(300): Illuminate\\Container\\Container->make()
#4 D:\\my-code\\kehu-web\\shop\\backend\\vendor\\illuminate\\pipeline\\Pipeline.php(156): Laravel\\Lumen\\Application->make()
#5 D:\\my-code\\kehu-web\\shop\\backend\\vendor\\laravel\\lumen-framework\\src\\Routing\\Pipeline.php(30): Illuminate\\Pipeline\\Pipeline->Illuminate\\Pipeline\\{closure}()
#6 D:\\my-code\\kehu-web\\shop\\backend\\vendor\\illuminate\\pipeline\\Pipeline.php(103): Laravel\\Lumen\\Routing\\Pipeline->Laravel\\Lumen\\Routing\\{closure}()
#7 D:\\my-code\\kehu-web\\shop\\backend\\vendor\\laravel\\lumen-framework\\src\\Concerns\\RoutesRequests.php(426): Illuminate\\Pipeline\\Pipeline->then()
#8 D:\\my-code\\kehu-web\\shop\\backend\\vendor\\laravel\\lumen-framework\\src\\Concerns\\RoutesRequests.php(261): Laravel\\Lumen\\Application->sendThroughPipeline()
#9 D:\\my-code\\kehu-web\\shop\\backend\\vendor\\laravel\\lumen-framework\\src\\Concerns\\RoutesRequests.php(169): Laravel\\Lumen\\Application->handleFoundRoute()
#10 D:\\my-code\\kehu-web\\shop\\backend\\vendor\\laravel\\lumen-framework\\src\\Routing\\Pipeline.php(48): Laravel\\Lumen\\Application->Laravel\\Lumen\\Concerns\\{closure}()
#11 D:\\my-code\\kehu-web\\shop\\backend\\app\\Http\\Middleware\\CorsMiddleware.php(30): Laravel\\Lumen\\Routing\\Pipeline->Laravel\\Lumen\\Routing\\{closure}()
#12 D:\\my-code\\kehu-web\\shop\\backend\\vendor\\illuminate\\pipeline\\Pipeline.php(167): App\\Http\\Middleware\\CorsMiddleware->handle()
#13 D:\\my-code\\kehu-web\\shop\\backend\\vendor\\laravel\\lumen-framework\\src\\Routing\\Pipeline.php(30): Illuminate\\Pipeline\\Pipeline->Illuminate\\Pipeline\\{closure}()
#14 D:\\my-code\\kehu-web\\shop\\backend\\vendor\\illuminate\\pipeline\\Pipeline.php(103): Laravel\\Lumen\\Routing\\Pipeline->Laravel\\Lumen\\Routing\\{closure}()
#15 D:\\my-code\\kehu-web\\shop\\backend\\vendor\\laravel\\lumen-framework\\src\\Concerns\\RoutesRequests.php(426): Illuminate\\Pipeline\\Pipeline->then()
#16 D:\\my-code\\kehu-web\\shop\\backend\\vendor\\laravel\\lumen-framework\\src\\Concerns\\RoutesRequests.php(165): Laravel\\Lumen\\Application->sendThroughPipeline()
#17 D:\\my-code\\kehu-web\\shop\\backend\\vendor\\laravel\\lumen-framework\\src\\Concerns\\RoutesRequests.php(112): Laravel\\Lumen\\Application->dispatch()
#18 D:\\my-code\\kehu-web\\shop\\backend\\public\\index.php(17): Laravel\\Lumen\\Application->run()
#19 {main}
"} 
